Analysis & Synthesis report for MyDE0_Nano
Wed Dec 15 20:00:40 2021
Quartus Prime Version 18.1.0 Build 625 09/12/2018 SJ Lite Edition


---------------------
; Table of Contents ;
---------------------
  1. Legal Notice
  2. Analysis & Synthesis Summary
  3. Analysis & Synthesis Settings
  4. Parallel Compilation
  5. Analysis & Synthesis Messages
  6. Analysis & Synthesis Suppressed Messages



----------------
; Legal Notice ;
----------------
Copyright (C) 2018  Intel Corporation. All rights reserved.
Your use of Intel Corporation's design tools, logic functions 
and other software and tools, and its AMPP partner logic 
functions, and any output files from any of the foregoing 
(including device programming or simulation files), and any 
associated documentation or information are expressly subject 
to the terms and conditions of the Intel Program License 
Subscription Agreement, the Intel Quartus Prime License Agreement,
the Intel FPGA IP License Agreement, or other applicable license
agreement, including, without limitation, that your use is for
the sole purpose of programming logic devices manufactured by
Intel and sold by Intel or its authorized distributors.  Please
refer to the applicable agreement for further details.



+----------------------------------------------------------------------------------+
; Analysis & Synthesis Summary                                                     ;
+------------------------------------+---------------------------------------------+
; Analysis & Synthesis Status        ; Failed - Wed Dec 15 20:00:40 2021           ;
; Quartus Prime Version              ; 18.1.0 Build 625 09/12/2018 SJ Lite Edition ;
; Revision Name                      ; MyDE0_Nano                                  ;
; Top-level Entity Name              ; MyDE0_Nano                                  ;
; Family                             ; Cyclone IV E                                ;
; Total logic elements               ; N/A until Partition Merge                   ;
;     Total combinational functions  ; N/A until Partition Merge                   ;
;     Dedicated logic registers      ; N/A until Partition Merge                   ;
; Total registers                    ; N/A until Partition Merge                   ;
; Total pins                         ; N/A until Partition Merge                   ;
; Total virtual pins                 ; N/A until Partition Merge                   ;
; Total memory bits                  ; N/A until Partition Merge                   ;
; Embedded Multiplier 9-bit elements ; N/A until Partition Merge                   ;
; Total PLLs                         ; N/A until Partition Merge                   ;
+------------------------------------+---------------------------------------------+


+------------------------------------------------------------------------------------------------------------+
; Analysis & Synthesis Settings                                                                              ;
+------------------------------------------------------------------+--------------------+--------------------+
; Option                                                           ; Setting            ; Default Value      ;
+------------------------------------------------------------------+--------------------+--------------------+
; Device                                                           ; EP4CE22F17C6       ;                    ;
; Top-level entity name                                            ; MyDE0_Nano         ; MyDE0_Nano         ;
; Family name                                                      ; Cyclone IV E       ; Cyclone V          ;
; Use smart compilation                                            ; Off                ; Off                ;
; Enable parallel Assembler and Timing Analyzer during compilation ; On                 ; On                 ;
; Enable compact report table                                      ; Off                ; Off                ;
; Restructure Multiplexers                                         ; Auto               ; Auto               ;
; Create Debugging Nodes for IP Cores                              ; Off                ; Off                ;
; Preserve fewer node names                                        ; On                 ; On                 ;
; Intel FPGA IP Evaluation Mode                                    ; Enable             ; Enable             ;
; Verilog Version                                                  ; Verilog_2001       ; Verilog_2001       ;
; VHDL Version                                                     ; VHDL_1993          ; VHDL_1993          ;
; State Machine Processing                                         ; Auto               ; Auto               ;
; Safe State Machine                                               ; Off                ; Off                ;
; Extract Verilog State Machines                                   ; On                 ; On                 ;
; Extract VHDL State Machines                                      ; On                 ; On                 ;
; Ignore Verilog initial constructs                                ; Off                ; Off                ;
; Iteration limit for constant Verilog loops                       ; 5000               ; 5000               ;
; Iteration limit for non-constant Verilog loops                   ; 250                ; 250                ;
; Add Pass-Through Logic to Inferred RAMs                          ; On                 ; On                 ;
; Infer RAMs from Raw Logic                                        ; On                 ; On                 ;
; Parallel Synthesis                                               ; On                 ; On                 ;
; DSP Block Balancing                                              ; Auto               ; Auto               ;
; NOT Gate Push-Back                                               ; On                 ; On                 ;
; Power-Up Don't Care                                              ; On                 ; On                 ;
; Remove Redundant Logic Cells                                     ; Off                ; Off                ;
; Remove Duplicate Registers                                       ; On                 ; On                 ;
; Ignore CARRY Buffers                                             ; Off                ; Off                ;
; Ignore CASCADE Buffers                                           ; Off                ; Off                ;
; Ignore GLOBAL Buffers                                            ; Off                ; Off                ;
; Ignore ROW GLOBAL Buffers                                        ; Off                ; Off                ;
; Ignore LCELL Buffers                                             ; Off                ; Off                ;
; Ignore SOFT Buffers                                              ; On                 ; On                 ;
; Limit AHDL Integers to 32 Bits                                   ; Off                ; Off                ;
; Optimization Technique                                           ; Balanced           ; Balanced           ;
; Carry Chain Length                                               ; 70                 ; 70                 ;
; Auto Carry Chains                                                ; On                 ; On                 ;
; Auto Open-Drain Pins                                             ; On                 ; On                 ;
; Perform WYSIWYG Primitive Resynthesis                            ; Off                ; Off                ;
; Auto ROM Replacement                                             ; On                 ; On                 ;
; Auto RAM Replacement                                             ; On                 ; On                 ;
; Auto DSP Block Replacement                                       ; On                 ; On                 ;
; Auto Shift Register Replacement                                  ; Auto               ; Auto               ;
; Allow Shift Register Merging across Hierarchies                  ; Auto               ; Auto               ;
; Auto Clock Enable Replacement                                    ; On                 ; On                 ;
; Strict RAM Replacement                                           ; Off                ; Off                ;
; Allow Synchronous Control Signals                                ; On                 ; On                 ;
; Force Use of Synchronous Clear Signals                           ; Off                ; Off                ;
; Auto RAM Block Balancing                                         ; On                 ; On                 ;
; Auto RAM to Logic Cell Conversion                                ; Off                ; Off                ;
; Auto Resource Sharing                                            ; Off                ; Off                ;
; Allow Any RAM Size For Recognition                               ; Off                ; Off                ;
; Allow Any ROM Size For Recognition                               ; Off                ; Off                ;
; Allow Any Shift Register Size For Recognition                    ; Off                ; Off                ;
; Use LogicLock Constraints during Resource Balancing              ; On                 ; On                 ;
; Ignore translate_off and synthesis_off directives                ; Off                ; Off                ;
; Timing-Driven Synthesis                                          ; On                 ; On                 ;
; Report Parameter Settings                                        ; On                 ; On                 ;
; Report Source Assignments                                        ; On                 ; On                 ;
; Report Connectivity Checks                                       ; On                 ; On                 ;
; Ignore Maximum Fan-Out Assignments                               ; Off                ; Off                ;
; Synchronization Register Chain Length                            ; 2                  ; 2                  ;
; Power Optimization During Synthesis                              ; Normal compilation ; Normal compilation ;
; HDL message level                                                ; Level2             ; Level2             ;
; Suppress Register Optimization Related Messages                  ; Off                ; Off                ;
; Number of Removed Registers Reported in Synthesis Report         ; 5000               ; 5000               ;
; Number of Swept Nodes Reported in Synthesis Report               ; 5000               ; 5000               ;
; Number of Inverted Registers Reported in Synthesis Report        ; 100                ; 100                ;
; Clock MUX Protection                                             ; On                 ; On                 ;
; Auto Gated Clock Conversion                                      ; Off                ; Off                ;
; Block Design Naming                                              ; Auto               ; Auto               ;
; SDC constraint protection                                        ; Off                ; Off                ;
; Synthesis Effort                                                 ; Auto               ; Auto               ;
; Shift Register Replacement - Allow Asynchronous Clear Signal     ; On                 ; On                 ;
; Pre-Mapping Resynthesis Optimization                             ; Off                ; Off                ;
; Analysis & Synthesis Message Level                               ; Medium             ; Medium             ;
; Disable Register Merging Across Hierarchies                      ; Auto               ; Auto               ;
; Resource Aware Inference For Block RAM                           ; On                 ; On                 ;
+------------------------------------------------------------------+--------------------+--------------------+


+------------------------------------------+
; Parallel Compilation                     ;
+----------------------------+-------------+
; Processors                 ; Number      ;
+----------------------------+-------------+
; Number detected on machine ; 4           ;
; Maximum allowed            ; 2           ;
;                            ;             ;
; Average used               ; 1.00        ;
; Maximum used               ; 1           ;
;                            ;             ;
; Usage by Processor         ; % Time Used ;
;     Processor 1            ; 100.0%      ;
+----------------------------+-------------+


+-------------------------------+
; Analysis & Synthesis Messages ;
+-------------------------------+
Info: *******************************************************************
Info: Running Quartus Prime Analysis & Synthesis
    Info: Version 18.1.0 Build 625 09/12/2018 SJ Lite Edition
    Info: Processing started: Wed Dec 15 20:00:26 2021
Info: Command: quartus_map --read_settings_files=on --write_settings_files=off MyDE0_Nano -c MyDE0_Nano
Warning (18236): Number of processors has not been specified which may cause overloading on shared machines.  Set the global assignment NUM_PARALLEL_PROCESSORS in your QSF to an appropriate value for best performance.
Info (20030): Parallel compilation is enabled and will use 2 of the 2 processors detected
Info (12021): Found 16 design units, including 16 entities, in source file myarm_pipelined.sv
    Info (12023): Found entity 1: arm File: C:/Users/vlibert/Desktop/LELME2002/minibot/minibot-code/Quartus-Pipelined_2020/MyARM_Pipelined.sv Line: 1
    Info (12023): Found entity 2: controller File: C:/Users/vlibert/Desktop/LELME2002/minibot/minibot-code/Quartus-Pipelined_2020/MyARM_Pipelined.sv Line: 39
    Info (12023): Found entity 3: conditional File: C:/Users/vlibert/Desktop/LELME2002/minibot/minibot-code/Quartus-Pipelined_2020/MyARM_Pipelined.sv Line: 134
    Info (12023): Found entity 4: datapath File: C:/Users/vlibert/Desktop/LELME2002/minibot/minibot-code/Quartus-Pipelined_2020/MyARM_Pipelined.sv Line: 171
    Info (12023): Found entity 5: hazard File: C:/Users/vlibert/Desktop/LELME2002/minibot/minibot-code/Quartus-Pipelined_2020/MyARM_Pipelined.sv Line: 242
    Info (12023): Found entity 6: regfile File: C:/Users/vlibert/Desktop/LELME2002/minibot/minibot-code/Quartus-Pipelined_2020/MyARM_Pipelined.sv Line: 281
    Info (12023): Found entity 7: extend File: C:/Users/vlibert/Desktop/LELME2002/minibot/minibot-code/Quartus-Pipelined_2020/MyARM_Pipelined.sv Line: 303
    Info (12023): Found entity 8: alu File: C:/Users/vlibert/Desktop/LELME2002/minibot/minibot-code/Quartus-Pipelined_2020/MyARM_Pipelined.sv Line: 317
    Info (12023): Found entity 9: adder File: C:/Users/vlibert/Desktop/LELME2002/minibot/minibot-code/Quartus-Pipelined_2020/MyARM_Pipelined.sv Line: 345
    Info (12023): Found entity 10: flopenr File: C:/Users/vlibert/Desktop/LELME2002/minibot/minibot-code/Quartus-Pipelined_2020/MyARM_Pipelined.sv Line: 351
    Info (12023): Found entity 11: flopr File: C:/Users/vlibert/Desktop/LELME2002/minibot/minibot-code/Quartus-Pipelined_2020/MyARM_Pipelined.sv Line: 362
    Info (12023): Found entity 12: flopenrc File: C:/Users/vlibert/Desktop/LELME2002/minibot/minibot-code/Quartus-Pipelined_2020/MyARM_Pipelined.sv Line: 373
    Info (12023): Found entity 13: floprc File: C:/Users/vlibert/Desktop/LELME2002/minibot/minibot-code/Quartus-Pipelined_2020/MyARM_Pipelined.sv Line: 386
    Info (12023): Found entity 14: mux2 File: C:/Users/vlibert/Desktop/LELME2002/minibot/minibot-code/Quartus-Pipelined_2020/MyARM_Pipelined.sv Line: 399
    Info (12023): Found entity 15: mux3 File: C:/Users/vlibert/Desktop/LELME2002/minibot/minibot-code/Quartus-Pipelined_2020/MyARM_Pipelined.sv Line: 406
    Info (12023): Found entity 16: eqcmp File: C:/Users/vlibert/Desktop/LELME2002/minibot/minibot-code/Quartus-Pipelined_2020/MyARM_Pipelined.sv Line: 413
Info (12021): Found 1 design units, including 1 entities, in source file myde0_nano.sv
    Info (12023): Found entity 1: MyDE0_Nano File: C:/Users/vlibert/Desktop/LELME2002/minibot/minibot-code/Quartus-Pipelined_2020/MyDE0_Nano.sv Line: 6
Info (12021): Found 1 design units, including 1 entities, in source file mytestbench.sv
    Info (12023): Found entity 1: MyTestbench File: C:/Users/vlibert/Desktop/LELME2002/minibot/minibot-code/Quartus-Pipelined_2020/MyTestbench.sv Line: 3
Info (12021): Found 1 design units, including 1 entities, in source file myspi.sv
    Info (12023): Found entity 1: spi_slave File: C:/Users/vlibert/Desktop/LELME2002/minibot/minibot-code/Quartus-Pipelined_2020/MySPI.sv Line: 6
Warning (12019): Can't analyze file -- file AMT103Enc.sv is missing
Info (12021): Found 1 design units, including 1 entities, in source file encoder.sv
    Info (12023): Found entity 1: Encoder File: C:/Users/vlibert/Desktop/LELME2002/minibot/minibot-code/Quartus-Pipelined_2020/Encoder.sv Line: 2
Info (12021): Found 1 design units, including 1 entities, in source file sonarfsm.sv
    Info (12023): Found entity 1: SonarFSM File: C:/Users/vlibert/Desktop/LELME2002/minibot/minibot-code/Quartus-Pipelined_2020/SonarFSM.sv Line: 2
Warning (10236): Verilog HDL Implicit Net warning at MyARM_Pipelined.sv(114): created implicit net for "PCSrcGatedE" File: C:/Users/vlibert/Desktop/LELME2002/minibot/minibot-code/Quartus-Pipelined_2020/MyARM_Pipelined.sv Line: 114
Info (12127): Elaborating entity "MyDE0_Nano" for the top level hierarchy
Warning (10034): Output port "LED" at MyDE0_Nano.sv(12) has no driver File: C:/Users/vlibert/Desktop/LELME2002/minibot/minibot-code/Quartus-Pipelined_2020/MyDE0_Nano.sv Line: 12
Warning (10034): Output port "DRAM_ADDR" at MyDE0_Nano.sv(21) has no driver File: C:/Users/vlibert/Desktop/LELME2002/minibot/minibot-code/Quartus-Pipelined_2020/MyDE0_Nano.sv Line: 21
Warning (10034): Output port "DRAM_BA" at MyDE0_Nano.sv(22) has no driver File: C:/Users/vlibert/Desktop/LELME2002/minibot/minibot-code/Quartus-Pipelined_2020/MyDE0_Nano.sv Line: 22
Warning (10034): Output port "DRAM_DQM" at MyDE0_Nano.sv(28) has no driver File: C:/Users/vlibert/Desktop/LELME2002/minibot/minibot-code/Quartus-Pipelined_2020/MyDE0_Nano.sv Line: 28
Warning (10034): Output port "DRAM_CAS_N" at MyDE0_Nano.sv(23) has no driver File: C:/Users/vlibert/Desktop/LELME2002/minibot/minibot-code/Quartus-Pipelined_2020/MyDE0_Nano.sv Line: 23
Warning (10034): Output port "DRAM_CKE" at MyDE0_Nano.sv(24) has no driver File: C:/Users/vlibert/Desktop/LELME2002/minibot/minibot-code/Quartus-Pipelined_2020/MyDE0_Nano.sv Line: 24
Warning (10034): Output port "DRAM_CLK" at MyDE0_Nano.sv(25) has no driver File: C:/Users/vlibert/Desktop/LELME2002/minibot/minibot-code/Quartus-Pipelined_2020/MyDE0_Nano.sv Line: 25
Warning (10034): Output port "DRAM_CS_N" at MyDE0_Nano.sv(26) has no driver File: C:/Users/vlibert/Desktop/LELME2002/minibot/minibot-code/Quartus-Pipelined_2020/MyDE0_Nano.sv Line: 26
Warning (10034): Output port "DRAM_RAS_N" at MyDE0_Nano.sv(29) has no driver File: C:/Users/vlibert/Desktop/LELME2002/minibot/minibot-code/Quartus-Pipelined_2020/MyDE0_Nano.sv Line: 29
Warning (10034): Output port "DRAM_WE_N" at MyDE0_Nano.sv(30) has no driver File: C:/Users/vlibert/Desktop/LELME2002/minibot/minibot-code/Quartus-Pipelined_2020/MyDE0_Nano.sv Line: 30
Warning (10034): Output port "EPCS_ASDO" at MyDE0_Nano.sv(33) has no driver File: C:/Users/vlibert/Desktop/LELME2002/minibot/minibot-code/Quartus-Pipelined_2020/MyDE0_Nano.sv Line: 33
Warning (10034): Output port "EPCS_DCLK" at MyDE0_Nano.sv(35) has no driver File: C:/Users/vlibert/Desktop/LELME2002/minibot/minibot-code/Quartus-Pipelined_2020/MyDE0_Nano.sv Line: 35
Warning (10034): Output port "EPCS_NCSO" at MyDE0_Nano.sv(36) has no driver File: C:/Users/vlibert/Desktop/LELME2002/minibot/minibot-code/Quartus-Pipelined_2020/MyDE0_Nano.sv Line: 36
Warning (10034): Output port "G_SENSOR_CS_N" at MyDE0_Nano.sv(39) has no driver File: C:/Users/vlibert/Desktop/LELME2002/minibot/minibot-code/Quartus-Pipelined_2020/MyDE0_Nano.sv Line: 39
Warning (10034): Output port "I2C_SCLK" at MyDE0_Nano.sv(41) has no driver File: C:/Users/vlibert/Desktop/LELME2002/minibot/minibot-code/Quartus-Pipelined_2020/MyDE0_Nano.sv Line: 41
Warning (10034): Output port "ADC_CS_N" at MyDE0_Nano.sv(45) has no driver File: C:/Users/vlibert/Desktop/LELME2002/minibot/minibot-code/Quartus-Pipelined_2020/MyDE0_Nano.sv Line: 45
Warning (10034): Output port "ADC_SADDR" at MyDE0_Nano.sv(46) has no driver File: C:/Users/vlibert/Desktop/LELME2002/minibot/minibot-code/Quartus-Pipelined_2020/MyDE0_Nano.sv Line: 46
Warning (10034): Output port "ADC_SCLK" at MyDE0_Nano.sv(47) has no driver File: C:/Users/vlibert/Desktop/LELME2002/minibot/minibot-code/Quartus-Pipelined_2020/MyDE0_Nano.sv Line: 47
Info (12128): Elaborating entity "spi_slave" for hierarchy "spi_slave:spi_slave_instance" File: C:/Users/vlibert/Desktop/LELME2002/minibot/minibot-code/Quartus-Pipelined_2020/MyDE0_Nano.sv Line: 89
Info (12128): Elaborating entity "Encoder" for hierarchy "Encoder:leftEnc" File: C:/Users/vlibert/Desktop/LELME2002/minibot/minibot-code/Quartus-Pipelined_2020/MyDE0_Nano.sv Line: 165
Info (12128): Elaborating entity "SonarFSM" for hierarchy "SonarFSM:sonarFSM" File: C:/Users/vlibert/Desktop/LELME2002/minibot/minibot-code/Quartus-Pipelined_2020/MyDE0_Nano.sv Line: 173
Warning (10240): Verilog HDL Always Construct warning at SonarFSM.sv(24): inferring latch(es) for variable "cnt", which holds its previous value in one or more paths through the always construct File: C:/Users/vlibert/Desktop/LELME2002/minibot/minibot-code/Quartus-Pipelined_2020/SonarFSM.sv Line: 24
Warning (10240): Verilog HDL Always Construct warning at SonarFSM.sv(24): inferring latch(es) for variable "timer", which holds its previous value in one or more paths through the always construct File: C:/Users/vlibert/Desktop/LELME2002/minibot/minibot-code/Quartus-Pipelined_2020/SonarFSM.sv Line: 24
Warning (10240): Verilog HDL Always Construct warning at SonarFSM.sv(24): inferring latch(es) for variable "trigger", which holds its previous value in one or more paths through the always construct File: C:/Users/vlibert/Desktop/LELME2002/minibot/minibot-code/Quartus-Pipelined_2020/SonarFSM.sv Line: 24
Warning (10240): Verilog HDL Always Construct warning at SonarFSM.sv(24): inferring latch(es) for variable "lastEcho", which holds its previous value in one or more paths through the always construct File: C:/Users/vlibert/Desktop/LELME2002/minibot/minibot-code/Quartus-Pipelined_2020/SonarFSM.sv Line: 24
Warning (10240): Verilog HDL Always Construct warning at SonarFSM.sv(24): inferring latch(es) for variable "count", which holds its previous value in one or more paths through the always construct File: C:/Users/vlibert/Desktop/LELME2002/minibot/minibot-code/Quartus-Pipelined_2020/SonarFSM.sv Line: 24
Error (10166): SystemVerilog RTL Coding error at SonarFSM.sv(24): always_comb construct does not infer purely combinational logic. File: C:/Users/vlibert/Desktop/LELME2002/minibot/minibot-code/Quartus-Pipelined_2020/SonarFSM.sv Line: 24
Info (10041): Inferred latch for "count[0]" at SonarFSM.sv(24) File: C:/Users/vlibert/Desktop/LELME2002/minibot/minibot-code/Quartus-Pipelined_2020/SonarFSM.sv Line: 24
Info (10041): Inferred latch for "count[1]" at SonarFSM.sv(24) File: C:/Users/vlibert/Desktop/LELME2002/minibot/minibot-code/Quartus-Pipelined_2020/SonarFSM.sv Line: 24
Info (10041): Inferred latch for "count[2]" at SonarFSM.sv(24) File: C:/Users/vlibert/Desktop/LELME2002/minibot/minibot-code/Quartus-Pipelined_2020/SonarFSM.sv Line: 24
Info (10041): Inferred latch for "count[3]" at SonarFSM.sv(24) File: C:/Users/vlibert/Desktop/LELME2002/minibot/minibot-code/Quartus-Pipelined_2020/SonarFSM.sv Line: 24
Info (10041): Inferred latch for "count[4]" at SonarFSM.sv(24) File: C:/Users/vlibert/Desktop/LELME2002/minibot/minibot-code/Quartus-Pipelined_2020/SonarFSM.sv Line: 24
Info (10041): Inferred latch for "count[5]" at SonarFSM.sv(24) File: C:/Users/vlibert/Desktop/LELME2002/minibot/minibot-code/Quartus-Pipelined_2020/SonarFSM.sv Line: 24
Info (10041): Inferred latch for "count[6]" at SonarFSM.sv(24) File: C:/Users/vlibert/Desktop/LELME2002/minibot/minibot-code/Quartus-Pipelined_2020/SonarFSM.sv Line: 24
Info (10041): Inferred latch for "count[7]" at SonarFSM.sv(24) File: C:/Users/vlibert/Desktop/LELME2002/minibot/minibot-code/Quartus-Pipelined_2020/SonarFSM.sv Line: 24
Info (10041): Inferred latch for "count[8]" at SonarFSM.sv(24) File: C:/Users/vlibert/Desktop/LELME2002/minibot/minibot-code/Quartus-Pipelined_2020/SonarFSM.sv Line: 24
Info (10041): Inferred latch for "count[9]" at SonarFSM.sv(24) File: C:/Users/vlibert/Desktop/LELME2002/minibot/minibot-code/Quartus-Pipelined_2020/SonarFSM.sv Line: 24
Info (10041): Inferred latch for "count[10]" at SonarFSM.sv(24) File: C:/Users/vlibert/Desktop/LELME2002/minibot/minibot-code/Quartus-Pipelined_2020/SonarFSM.sv Line: 24
Info (10041): Inferred latch for "count[11]" at SonarFSM.sv(24) File: C:/Users/vlibert/Desktop/LELME2002/minibot/minibot-code/Quartus-Pipelined_2020/SonarFSM.sv Line: 24
Info (10041): Inferred latch for "count[12]" at SonarFSM.sv(24) File: C:/Users/vlibert/Desktop/LELME2002/minibot/minibot-code/Quartus-Pipelined_2020/SonarFSM.sv Line: 24
Info (10041): Inferred latch for "count[13]" at SonarFSM.sv(24) File: C:/Users/vlibert/Desktop/LELME2002/minibot/minibot-code/Quartus-Pipelined_2020/SonarFSM.sv Line: 24
Info (10041): Inferred latch for "count[14]" at SonarFSM.sv(24) File: C:/Users/vlibert/Desktop/LELME2002/minibot/minibot-code/Quartus-Pipelined_2020/SonarFSM.sv Line: 24
Info (10041): Inferred latch for "count[15]" at SonarFSM.sv(24) File: C:/Users/vlibert/Desktop/LELME2002/minibot/minibot-code/Quartus-Pipelined_2020/SonarFSM.sv Line: 24
Info (10041): Inferred latch for "count[16]" at SonarFSM.sv(24) File: C:/Users/vlibert/Desktop/LELME2002/minibot/minibot-code/Quartus-Pipelined_2020/SonarFSM.sv Line: 24
Info (10041): Inferred latch for "count[17]" at SonarFSM.sv(24) File: C:/Users/vlibert/Desktop/LELME2002/minibot/minibot-code/Quartus-Pipelined_2020/SonarFSM.sv Line: 24
Info (10041): Inferred latch for "count[18]" at SonarFSM.sv(24) File: C:/Users/vlibert/Desktop/LELME2002/minibot/minibot-code/Quartus-Pipelined_2020/SonarFSM.sv Line: 24
Info (10041): Inferred latch for "count[19]" at SonarFSM.sv(24) File: C:/Users/vlibert/Desktop/LELME2002/minibot/minibot-code/Quartus-Pipelined_2020/SonarFSM.sv Line: 24
Info (10041): Inferred latch for "count[20]" at SonarFSM.sv(24) File: C:/Users/vlibert/Desktop/LELME2002/minibot/minibot-code/Quartus-Pipelined_2020/SonarFSM.sv Line: 24
Info (10041): Inferred latch for "count[21]" at SonarFSM.sv(24) File: C:/Users/vlibert/Desktop/LELME2002/minibot/minibot-code/Quartus-Pipelined_2020/SonarFSM.sv Line: 24
Info (10041): Inferred latch for "count[22]" at SonarFSM.sv(24) File: C:/Users/vlibert/Desktop/LELME2002/minibot/minibot-code/Quartus-Pipelined_2020/SonarFSM.sv Line: 24
Info (10041): Inferred latch for "count[23]" at SonarFSM.sv(24) File: C:/Users/vlibert/Desktop/LELME2002/minibot/minibot-code/Quartus-Pipelined_2020/SonarFSM.sv Line: 24
Info (10041): Inferred latch for "count[24]" at SonarFSM.sv(24) File: C:/Users/vlibert/Desktop/LELME2002/minibot/minibot-code/Quartus-Pipelined_2020/SonarFSM.sv Line: 24
Info (10041): Inferred latch for "count[25]" at SonarFSM.sv(24) File: C:/Users/vlibert/Desktop/LELME2002/minibot/minibot-code/Quartus-Pipelined_2020/SonarFSM.sv Line: 24
Info (10041): Inferred latch for "count[26]" at SonarFSM.sv(24) File: C:/Users/vlibert/Desktop/LELME2002/minibot/minibot-code/Quartus-Pipelined_2020/SonarFSM.sv Line: 24
Info (10041): Inferred latch for "count[27]" at SonarFSM.sv(24) File: C:/Users/vlibert/Desktop/LELME2002/minibot/minibot-code/Quartus-Pipelined_2020/SonarFSM.sv Line: 24
Info (10041): Inferred latch for "count[28]" at SonarFSM.sv(24) File: C:/Users/vlibert/Desktop/LELME2002/minibot/minibot-code/Quartus-Pipelined_2020/SonarFSM.sv Line: 24
Info (10041): Inferred latch for "count[29]" at SonarFSM.sv(24) File: C:/Users/vlibert/Desktop/LELME2002/minibot/minibot-code/Quartus-Pipelined_2020/SonarFSM.sv Line: 24
Info (10041): Inferred latch for "count[30]" at SonarFSM.sv(24) File: C:/Users/vlibert/Desktop/LELME2002/minibot/minibot-code/Quartus-Pipelined_2020/SonarFSM.sv Line: 24
Info (10041): Inferred latch for "count[31]" at SonarFSM.sv(24) File: C:/Users/vlibert/Desktop/LELME2002/minibot/minibot-code/Quartus-Pipelined_2020/SonarFSM.sv Line: 24
Info (10041): Inferred latch for "lastEcho" at SonarFSM.sv(24) File: C:/Users/vlibert/Desktop/LELME2002/minibot/minibot-code/Quartus-Pipelined_2020/SonarFSM.sv Line: 24
Info (10041): Inferred latch for "trigger" at SonarFSM.sv(24) File: C:/Users/vlibert/Desktop/LELME2002/minibot/minibot-code/Quartus-Pipelined_2020/SonarFSM.sv Line: 24
Info (10041): Inferred latch for "timer[0]" at SonarFSM.sv(24) File: C:/Users/vlibert/Desktop/LELME2002/minibot/minibot-code/Quartus-Pipelined_2020/SonarFSM.sv Line: 24
Info (10041): Inferred latch for "timer[1]" at SonarFSM.sv(24) File: C:/Users/vlibert/Desktop/LELME2002/minibot/minibot-code/Quartus-Pipelined_2020/SonarFSM.sv Line: 24
Info (10041): Inferred latch for "timer[2]" at SonarFSM.sv(24) File: C:/Users/vlibert/Desktop/LELME2002/minibot/minibot-code/Quartus-Pipelined_2020/SonarFSM.sv Line: 24
Info (10041): Inferred latch for "timer[3]" at SonarFSM.sv(24) File: C:/Users/vlibert/Desktop/LELME2002/minibot/minibot-code/Quartus-Pipelined_2020/SonarFSM.sv Line: 24
Info (10041): Inferred latch for "timer[4]" at SonarFSM.sv(24) File: C:/Users/vlibert/Desktop/LELME2002/minibot/minibot-code/Quartus-Pipelined_2020/SonarFSM.sv Line: 24
Info (10041): Inferred latch for "timer[5]" at SonarFSM.sv(24) File: C:/Users/vlibert/Desktop/LELME2002/minibot/minibot-code/Quartus-Pipelined_2020/SonarFSM.sv Line: 24
Info (10041): Inferred latch for "timer[6]" at SonarFSM.sv(24) File: C:/Users/vlibert/Desktop/LELME2002/minibot/minibot-code/Quartus-Pipelined_2020/SonarFSM.sv Line: 24
Info (10041): Inferred latch for "timer[7]" at SonarFSM.sv(24) File: C:/Users/vlibert/Desktop/LELME2002/minibot/minibot-code/Quartus-Pipelined_2020/SonarFSM.sv Line: 24
Info (10041): Inferred latch for "timer[8]" at SonarFSM.sv(24) File: C:/Users/vlibert/Desktop/LELME2002/minibot/minibot-code/Quartus-Pipelined_2020/SonarFSM.sv Line: 24
Info (10041): Inferred latch for "timer[9]" at SonarFSM.sv(24) File: C:/Users/vlibert/Desktop/LELME2002/minibot/minibot-code/Quartus-Pipelined_2020/SonarFSM.sv Line: 24
Info (10041): Inferred latch for "timer[10]" at SonarFSM.sv(24) File: C:/Users/vlibert/Desktop/LELME2002/minibot/minibot-code/Quartus-Pipelined_2020/SonarFSM.sv Line: 24
Info (10041): Inferred latch for "timer[11]" at SonarFSM.sv(24) File: C:/Users/vlibert/Desktop/LELME2002/minibot/minibot-code/Quartus-Pipelined_2020/SonarFSM.sv Line: 24
Info (10041): Inferred latch for "timer[12]" at SonarFSM.sv(24) File: C:/Users/vlibert/Desktop/LELME2002/minibot/minibot-code/Quartus-Pipelined_2020/SonarFSM.sv Line: 24
Info (10041): Inferred latch for "timer[13]" at SonarFSM.sv(24) File: C:/Users/vlibert/Desktop/LELME2002/minibot/minibot-code/Quartus-Pipelined_2020/SonarFSM.sv Line: 24
Info (10041): Inferred latch for "timer[14]" at SonarFSM.sv(24) File: C:/Users/vlibert/Desktop/LELME2002/minibot/minibot-code/Quartus-Pipelined_2020/SonarFSM.sv Line: 24
Info (10041): Inferred latch for "timer[15]" at SonarFSM.sv(24) File: C:/Users/vlibert/Desktop/LELME2002/minibot/minibot-code/Quartus-Pipelined_2020/SonarFSM.sv Line: 24
Info (10041): Inferred latch for "timer[16]" at SonarFSM.sv(24) File: C:/Users/vlibert/Desktop/LELME2002/minibot/minibot-code/Quartus-Pipelined_2020/SonarFSM.sv Line: 24
Info (10041): Inferred latch for "timer[17]" at SonarFSM.sv(24) File: C:/Users/vlibert/Desktop/LELME2002/minibot/minibot-code/Quartus-Pipelined_2020/SonarFSM.sv Line: 24
Info (10041): Inferred latch for "timer[18]" at SonarFSM.sv(24) File: C:/Users/vlibert/Desktop/LELME2002/minibot/minibot-code/Quartus-Pipelined_2020/SonarFSM.sv Line: 24
Info (10041): Inferred latch for "timer[19]" at SonarFSM.sv(24) File: C:/Users/vlibert/Desktop/LELME2002/minibot/minibot-code/Quartus-Pipelined_2020/SonarFSM.sv Line: 24
Info (10041): Inferred latch for "timer[20]" at SonarFSM.sv(24) File: C:/Users/vlibert/Desktop/LELME2002/minibot/minibot-code/Quartus-Pipelined_2020/SonarFSM.sv Line: 24
Info (10041): Inferred latch for "timer[21]" at SonarFSM.sv(24) File: C:/Users/vlibert/Desktop/LELME2002/minibot/minibot-code/Quartus-Pipelined_2020/SonarFSM.sv Line: 24
Info (10041): Inferred latch for "timer[22]" at SonarFSM.sv(24) File: C:/Users/vlibert/Desktop/LELME2002/minibot/minibot-code/Quartus-Pipelined_2020/SonarFSM.sv Line: 24
Info (10041): Inferred latch for "timer[23]" at SonarFSM.sv(24) File: C:/Users/vlibert/Desktop/LELME2002/minibot/minibot-code/Quartus-Pipelined_2020/SonarFSM.sv Line: 24
Info (10041): Inferred latch for "timer[24]" at SonarFSM.sv(24) File: C:/Users/vlibert/Desktop/LELME2002/minibot/minibot-code/Quartus-Pipelined_2020/SonarFSM.sv Line: 24
Info (10041): Inferred latch for "timer[25]" at SonarFSM.sv(24) File: C:/Users/vlibert/Desktop/LELME2002/minibot/minibot-code/Quartus-Pipelined_2020/SonarFSM.sv Line: 24
Info (10041): Inferred latch for "timer[26]" at SonarFSM.sv(24) File: C:/Users/vlibert/Desktop/LELME2002/minibot/minibot-code/Quartus-Pipelined_2020/SonarFSM.sv Line: 24
Info (10041): Inferred latch for "timer[27]" at SonarFSM.sv(24) File: C:/Users/vlibert/Desktop/LELME2002/minibot/minibot-code/Quartus-Pipelined_2020/SonarFSM.sv Line: 24
Info (10041): Inferred latch for "timer[28]" at SonarFSM.sv(24) File: C:/Users/vlibert/Desktop/LELME2002/minibot/minibot-code/Quartus-Pipelined_2020/SonarFSM.sv Line: 24
Info (10041): Inferred latch for "timer[29]" at SonarFSM.sv(24) File: C:/Users/vlibert/Desktop/LELME2002/minibot/minibot-code/Quartus-Pipelined_2020/SonarFSM.sv Line: 24
Info (10041): Inferred latch for "timer[30]" at SonarFSM.sv(24) File: C:/Users/vlibert/Desktop/LELME2002/minibot/minibot-code/Quartus-Pipelined_2020/SonarFSM.sv Line: 24
Info (10041): Inferred latch for "timer[31]" at SonarFSM.sv(24) File: C:/Users/vlibert/Desktop/LELME2002/minibot/minibot-code/Quartus-Pipelined_2020/SonarFSM.sv Line: 24
Info (10041): Inferred latch for "cnt[0]" at SonarFSM.sv(24) File: C:/Users/vlibert/Desktop/LELME2002/minibot/minibot-code/Quartus-Pipelined_2020/SonarFSM.sv Line: 24
Info (10041): Inferred latch for "cnt[1]" at SonarFSM.sv(24) File: C:/Users/vlibert/Desktop/LELME2002/minibot/minibot-code/Quartus-Pipelined_2020/SonarFSM.sv Line: 24
Info (10041): Inferred latch for "cnt[2]" at SonarFSM.sv(24) File: C:/Users/vlibert/Desktop/LELME2002/minibot/minibot-code/Quartus-Pipelined_2020/SonarFSM.sv Line: 24
Info (10041): Inferred latch for "cnt[3]" at SonarFSM.sv(24) File: C:/Users/vlibert/Desktop/LELME2002/minibot/minibot-code/Quartus-Pipelined_2020/SonarFSM.sv Line: 24
Info (10041): Inferred latch for "cnt[4]" at SonarFSM.sv(24) File: C:/Users/vlibert/Desktop/LELME2002/minibot/minibot-code/Quartus-Pipelined_2020/SonarFSM.sv Line: 24
Info (10041): Inferred latch for "cnt[5]" at SonarFSM.sv(24) File: C:/Users/vlibert/Desktop/LELME2002/minibot/minibot-code/Quartus-Pipelined_2020/SonarFSM.sv Line: 24
Info (10041): Inferred latch for "cnt[6]" at SonarFSM.sv(24) File: C:/Users/vlibert/Desktop/LELME2002/minibot/minibot-code/Quartus-Pipelined_2020/SonarFSM.sv Line: 24
Info (10041): Inferred latch for "cnt[7]" at SonarFSM.sv(24) File: C:/Users/vlibert/Desktop/LELME2002/minibot/minibot-code/Quartus-Pipelined_2020/SonarFSM.sv Line: 24
Info (10041): Inferred latch for "cnt[8]" at SonarFSM.sv(24) File: C:/Users/vlibert/Desktop/LELME2002/minibot/minibot-code/Quartus-Pipelined_2020/SonarFSM.sv Line: 24
Info (10041): Inferred latch for "cnt[9]" at SonarFSM.sv(24) File: C:/Users/vlibert/Desktop/LELME2002/minibot/minibot-code/Quartus-Pipelined_2020/SonarFSM.sv Line: 24
Info (10041): Inferred latch for "cnt[10]" at SonarFSM.sv(24) File: C:/Users/vlibert/Desktop/LELME2002/minibot/minibot-code/Quartus-Pipelined_2020/SonarFSM.sv Line: 24
Info (10041): Inferred latch for "cnt[11]" at SonarFSM.sv(24) File: C:/Users/vlibert/Desktop/LELME2002/minibot/minibot-code/Quartus-Pipelined_2020/SonarFSM.sv Line: 24
Info (10041): Inferred latch for "cnt[12]" at SonarFSM.sv(24) File: C:/Users/vlibert/Desktop/LELME2002/minibot/minibot-code/Quartus-Pipelined_2020/SonarFSM.sv Line: 24
Info (10041): Inferred latch for "cnt[13]" at SonarFSM.sv(24) File: C:/Users/vlibert/Desktop/LELME2002/minibot/minibot-code/Quartus-Pipelined_2020/SonarFSM.sv Line: 24
Info (10041): Inferred latch for "cnt[14]" at SonarFSM.sv(24) File: C:/Users/vlibert/Desktop/LELME2002/minibot/minibot-code/Quartus-Pipelined_2020/SonarFSM.sv Line: 24
Info (10041): Inferred latch for "cnt[15]" at SonarFSM.sv(24) File: C:/Users/vlibert/Desktop/LELME2002/minibot/minibot-code/Quartus-Pipelined_2020/SonarFSM.sv Line: 24
Info (10041): Inferred latch for "cnt[16]" at SonarFSM.sv(24) File: C:/Users/vlibert/Desktop/LELME2002/minibot/minibot-code/Quartus-Pipelined_2020/SonarFSM.sv Line: 24
Info (10041): Inferred latch for "cnt[17]" at SonarFSM.sv(24) File: C:/Users/vlibert/Desktop/LELME2002/minibot/minibot-code/Quartus-Pipelined_2020/SonarFSM.sv Line: 24
Info (10041): Inferred latch for "cnt[18]" at SonarFSM.sv(24) File: C:/Users/vlibert/Desktop/LELME2002/minibot/minibot-code/Quartus-Pipelined_2020/SonarFSM.sv Line: 24
Info (10041): Inferred latch for "cnt[19]" at SonarFSM.sv(24) File: C:/Users/vlibert/Desktop/LELME2002/minibot/minibot-code/Quartus-Pipelined_2020/SonarFSM.sv Line: 24
Info (10041): Inferred latch for "cnt[20]" at SonarFSM.sv(24) File: C:/Users/vlibert/Desktop/LELME2002/minibot/minibot-code/Quartus-Pipelined_2020/SonarFSM.sv Line: 24
Info (10041): Inferred latch for "cnt[21]" at SonarFSM.sv(24) File: C:/Users/vlibert/Desktop/LELME2002/minibot/minibot-code/Quartus-Pipelined_2020/SonarFSM.sv Line: 24
Info (10041): Inferred latch for "cnt[22]" at SonarFSM.sv(24) File: C:/Users/vlibert/Desktop/LELME2002/minibot/minibot-code/Quartus-Pipelined_2020/SonarFSM.sv Line: 24
Info (10041): Inferred latch for "cnt[23]" at SonarFSM.sv(24) File: C:/Users/vlibert/Desktop/LELME2002/minibot/minibot-code/Quartus-Pipelined_2020/SonarFSM.sv Line: 24
Info (10041): Inferred latch for "cnt[24]" at SonarFSM.sv(24) File: C:/Users/vlibert/Desktop/LELME2002/minibot/minibot-code/Quartus-Pipelined_2020/SonarFSM.sv Line: 24
Info (10041): Inferred latch for "cnt[25]" at SonarFSM.sv(24) File: C:/Users/vlibert/Desktop/LELME2002/minibot/minibot-code/Quartus-Pipelined_2020/SonarFSM.sv Line: 24
Info (10041): Inferred latch for "cnt[26]" at SonarFSM.sv(24) File: C:/Users/vlibert/Desktop/LELME2002/minibot/minibot-code/Quartus-Pipelined_2020/SonarFSM.sv Line: 24
Info (10041): Inferred latch for "cnt[27]" at SonarFSM.sv(24) File: C:/Users/vlibert/Desktop/LELME2002/minibot/minibot-code/Quartus-Pipelined_2020/SonarFSM.sv Line: 24
Info (10041): Inferred latch for "cnt[28]" at SonarFSM.sv(24) File: C:/Users/vlibert/Desktop/LELME2002/minibot/minibot-code/Quartus-Pipelined_2020/SonarFSM.sv Line: 24
Info (10041): Inferred latch for "cnt[29]" at SonarFSM.sv(24) File: C:/Users/vlibert/Desktop/LELME2002/minibot/minibot-code/Quartus-Pipelined_2020/SonarFSM.sv Line: 24
Info (10041): Inferred latch for "cnt[30]" at SonarFSM.sv(24) File: C:/Users/vlibert/Desktop/LELME2002/minibot/minibot-code/Quartus-Pipelined_2020/SonarFSM.sv Line: 24
Info (10041): Inferred latch for "cnt[31]" at SonarFSM.sv(24) File: C:/Users/vlibert/Desktop/LELME2002/minibot/minibot-code/Quartus-Pipelined_2020/SonarFSM.sv Line: 24
Error (12152): Can't elaborate user hierarchy "SonarFSM:sonarFSM" File: C:/Users/vlibert/Desktop/LELME2002/minibot/minibot-code/Quartus-Pipelined_2020/MyDE0_Nano.sv Line: 173
Info (144001): Generated suppressed messages file C:/Users/vlibert/Desktop/LELME2002/minibot/minibot-code/Quartus-Pipelined_2020/MyDE0_Nano.map.smsg
Error: Quartus Prime Analysis & Synthesis was unsuccessful. 2 errors, 26 warnings
    Error: Peak virtual memory: 4712 megabytes
    Error: Processing ended: Wed Dec 15 20:00:40 2021
    Error: Elapsed time: 00:00:14
    Error: Total CPU time (on all processors): 00:00:31


+------------------------------------------+
; Analysis & Synthesis Suppressed Messages ;
+------------------------------------------+
The suppressed messages can be found in C:/Users/vlibert/Desktop/LELME2002/minibot/minibot-code/Quartus-Pipelined_2020/MyDE0_Nano.map.smsg.


